Arguments: 
  /usr/local/bin/node /usr/local/bin/yarn i

PATH: 
  /usr/local/bin:/usr/bin:/bin:/usr/sbin:/sbin:/opt/local/bin:/usr/local/go/bin:/opt/ImageMagick/bin

Yarn version: 
  1.5.1

Node version: 
  11.14.0

Platform: 
  darwin x64

npm manifest: 
  {
    "name": "foundation-emails-template",
    "version": "1.0.0",
    "description": "Basic template for a Foundation for Emails project.",
    "repository": "zurb/foundation-emails-template",
    "main": "gulpfile.babel.js",
    "scripts": {
      "start": "gulp",
      "build": "gulp --production",
      "zip": "gulp zip --production",
      "litmus": "gulp litmus --production",
      "mail": "gulp mail --production"
    },
    "author": "ZURB <foundation@zurb.com>",
    "license": "MIT",
    "dependencies": {
      "foundation-emails": "^2.2.1"
    },
    "devDependencies": {
      "babel-core": "^6.3.26",
      "babel-preset-es2015": "^6.3.13",
      "babel-register": "^6.7.2",
      "beepbeep": "^1.2.0",
      "browser-sync": "^2.11.0",
      "colors": "^1.1.2",
      "gulp": "git+https://github.com/gulpjs/gulp.git#4.0",
      "gulp-awspublish": "^3.0.1",
      "gulp-cli": "^1.1.0",
      "gulp-html-src": "^1.0.0",
      "gulp-htmlmin": "^1.1.1",
      "gulp-if": "^2.0.0",
      "gulp-imagemin": "^2.4.0",
      "gulp-inline-css": "^3.0.0",
      "gulp-litmus": "0.0.7",
      "gulp-load-plugins": "^1.1.0",
      "gulp-mail": "^0.1.1",
      "gulp-rename": "^1.2.2",
      "gulp-replace": "^0.5.4",
      "gulp-sass": "^2.1.0",
      "gulp-sourcemaps": "^1.6.0",
      "gulp-uncss": "^1.0.1",
      "gulp-zip": "^3.2.0",
      "inky": "^1.3.6",
      "lazypipe": "^1.0.1",
      "merge-stream": "^1.0.0",
      "panini": "^1.3.0",
      "rimraf": "^2.3.3",
      "siphon-media-query": "^1.0.0",
      "yargs": "^4.1.0"
    },
    "babel": {
      "presets": [
        "es2015"
      ]
    }
  }

yarn manifest: 
  No manifest

Lockfile: 
  No lockfile

Trace: 
  Error: Command "i" not found.
      at new MessageError (/usr/local/lib/node_modules/yarn/lib/cli.js:186:110)
      at /usr/local/lib/node_modules/yarn/lib/cli.js:87307:17
      at Generator.next (<anonymous>)
      at step (/usr/local/lib/node_modules/yarn/lib/cli.js:98:30)
      at /usr/local/lib/node_modules/yarn/lib/cli.js:116:14
      at new Promise (<anonymous>)
      at new F (/usr/local/lib/node_modules/yarn/lib/cli.js:23451:28)
      at /usr/local/lib/node_modules/yarn/lib/cli.js:95:12
      at runCommand (/usr/local/lib/node_modules/yarn/lib/cli.js:87312:22)
      at Object.<anonymous> (/usr/local/lib/node_modules/yarn/lib/cli.js:87412:14)
